[[1;34mINFO[m] Scanning for projects...
[[1;33mWARNING[m] 
[[1;33mWARNING[m] Some problems were encountered while building the effective model for helvarAppTest:helvarAppTest:jar:1.0-SNAPSHOT
[[1;33mWARNING[m] 'build.plugins.plugin.version' for org.apache.maven.plugins:maven-compiler-plugin is missing. @ line 182, column 17
[[1;33mWARNING[m] 
[[1;33mWARNING[m] It is highly recommended to fix these problems because they threaten the stability of your build.
[[1;33mWARNING[m] 
[[1;33mWARNING[m] For this reason, future Maven versions might no longer support building such malformed projects.
[[1;33mWARNING[m] 
Downloading: https://repo.maven.apache.org/maven2/org/apache/maven/plugins/maven-antrun-plugin/1.3/maven-antrun-plugin-1.3.pom
Progress (1): 2.2/4.7 kBProgress (1): 4.7 kB                        Downloaded: https://repo.maven.apache.org/maven2/org/apache/maven/plugins/maven-antrun-plugin/1.3/maven-antrun-plugin-1.3.pom (4.7 kB at 2.5 kB/s)
Downloading: https://repo.maven.apache.org/maven2/org/apache/maven/plugins/maven-plugins/12/maven-plugins-12.pom
Progress (1): 2.2/12 kBProgress (1): 5.0/12 kBProgress (1): 7.7/12 kBProgress (1): 11/12 kB Progress (1): 12 kB                      Downloaded: https://repo.maven.apache.org/maven2/org/apache/maven/plugins/maven-plugins/12/maven-plugins-12.pom (12 kB at 20 kB/s)
Downloading: https://repo.maven.apache.org/maven2/org/apache/maven/maven-parent/9/maven-parent-9.pom
Progress (1): 2.8/33 kBProgress (1): 5.5/33 kBProgress (1): 8.3/33 kBProgress (1): 11/33 kB Progress (1): 14/33 kBProgress (1): 16/33 kBProgress (1): 19/33 kBProgress (1): 22/33 kBProgress (1): 25/33 kBProgress (1): 27/33 kBProgress (1): 30/33 kBProgress (1): 33/33 kBProgress (1): 33 kB                      Downloaded: https://repo.maven.apache.org/maven2/org/apache/maven/maven-parent/9/maven-parent-9.pom (33 kB at 24 kB/s)
Downloading: https://repo.maven.apache.org/maven2/org/apache/maven/plugins/maven-antrun-plugin/1.3/maven-antrun-plugin-1.3.jar
Progress (1): 2.8/24 kBProgress (1): 5.5/24 kBProgress (1): 8.3/24 kBProgress (1): 11/24 kB Progress (1): 14/24 kBProgress (1): 16/24 kBProgress (1): 19/24 kBProgress (1): 22/24 kBProgress (1): 24 kB                      Downloaded: https://repo.maven.apache.org/maven2/org/apache/maven/plugins/maven-antrun-plugin/1.3/maven-antrun-plugin-1.3.jar (24 kB at 46 kB/s)
Downloading: https://repo.maven.apache.org/maven2/org/apache/maven/plugins/maven-assembly-plugin/2.2-beta-5/maven-assembly-plugin-2.2-beta-5.pom
Progress (1): 2.2/15 kBProgress (1): 5.0/15 kBProgress (1): 7.8/15 kBProgress (1): 11/15 kB Progress (1): 13/15 kBProgress (1): 15 kB                      Downloaded: https://repo.maven.apache.org/maven2/org/apache/maven/plugins/maven-assembly-plugin/2.2-beta-5/maven-assembly-plugin-2.2-beta-5.pom (15 kB at 27 kB/s)
Downloading: https://repo.maven.apache.org/maven2/org/apache/maven/plugins/maven-plugins/16/maven-plugins-16.pom
Progress (1): 2.2/13 kBProgress (1): 5.0/13 kBProgress (1): 7.8/13 kBProgress (1): 11/13 kB Progress (1): 13 kB                      Downloaded: https://repo.maven.apache.org/maven2/org/apache/maven/plugins/maven-plugins/16/maven-plugins-16.pom (13 kB at 20 kB/s)
Downloading: https://repo.maven.apache.org/maven2/org/apache/maven/plugins/maven-assembly-plugin/2.2-beta-5/maven-assembly-plugin-2.2-beta-5.jar
Progress (1): 2.2/209 kBProgress (1): 5.0/209 kBProgress (1): 7.7/209 kBProgress (1): 10/209 kB Progress (1): 13/209 kBProgress (1): 16/209 kBProgress (1): 19/209 kBProgress (1): 21/209 kBProgress (1): 24/209 kBProgress (1): 27/209 kBProgress (1): 30/209 kBProgress (1): 32/209 kBProgress (1): 36/209 kBProgress (1): 40/209 kBProgress (1): 45/209 kBProgress (1): 49/209 kBProgress (1): 53/209 kBProgress (1): 57/209 kBProgress (1): 61/209 kBProgress (1): 65/209 kBProgress (1): 69/209 kBProgress (1): 73/209 kBProgress (1): 77/209 kBProgress (1): 81/209 kBProgress (1): 85/209 kBProgress (1): 90/209 kBProgress (1): 94/209 kBProgress (1): 98/209 kBProgress (1): 102/209 kBProgress (1): 106/209 kBProgress (1): 110/209 kBProgress (1): 114/209 kBProgress (1): 118/209 kBProgress (1): 122/209 kBProgress (1): 126/209 kBProgress (1): 131/209 kBProgress (1): 135/209 kBProgress (1): 139/209 kBProgress (1): 143/209 kBProgress (1): 147/209 kBProgress (1): 151/209 kBProgress (1): 155/209 kBProgress (1): 159/209 kBProgress (1): 163/209 kBProgress (1): 167/209 kBProgress (1): 171/209 kBProgress (1): 176/209 kBProgress (1): 180/209 kBProgress (1): 184/209 kBProgress (1): 188/209 kBProgress (1): 192/209 kBProgress (1): 196/209 kBProgress (1): 200/209 kBProgress (1): 204/209 kBProgress (1): 208/209 kBProgress (1): 209 kB                        Downloaded: https://repo.maven.apache.org/maven2/org/apache/maven/plugins/maven-assembly-plugin/2.2-beta-5/maven-assembly-plugin-2.2-beta-5.jar (209 kB at 58 kB/s)
Downloading: https://repo.maven.apache.org/maven2/org/apache/maven/plugins/maven-dependency-plugin/2.8/maven-dependency-plugin-2.8.pom
Progress (1): 1.0/11 kBProgress (1): 3.8/11 kBProgress (1): 5.1/11 kBProgress (1): 7.9/11 kBProgress (1): 11/11 kB Progress (1): 11 kB                      Downloaded: https://repo.maven.apache.org/maven2/org/apache/maven/plugins/maven-dependency-plugin/2.8/maven-dependency-plugin-2.8.pom (11 kB at 63 kB/s)
Downloading: https://repo.maven.apache.org/maven2/org/apache/maven/plugins/maven-dependency-plugin/2.8/maven-dependency-plugin-2.8.jar
Progress (1): 2.8/153 kBProgress (1): 5.5/153 kBProgress (1): 8.3/153 kBProgress (1): 11/153 kB Progress (1): 14/153 kBProgress (1): 16/153 kBProgress (1): 19/153 kBProgress (1): 22/153 kBProgress (1): 25/153 kBProgress (1): 27/153 kBProgress (1): 30/153 kBProgress (1): 33/153 kBProgress (1): 37/153 kBProgress (1): 41/153 kBProgress (1): 45/153 kBProgress (1): 49/153 kBProgress (1): 53/153 kBProgress (1): 57/153 kBProgress (1): 61/153 kBProgress (1): 65/153 kBProgress (1): 69/153 kBProgress (1): 73/153 kBProgress (1): 77/153 kBProgress (1): 81/153 kBProgress (1): 86/153 kBProgress (1): 90/153 kBProgress (1): 94/153 kBProgress (1): 98/153 kBProgress (1): 102/153 kBProgress (1): 106/153 kBProgress (1): 110/153 kBProgress (1): 114/153 kBProgress (1): 117/153 kBProgress (1): 120/153 kBProgress (1): 123/153 kBProgress (1): 125/153 kBProgress (1): 128/153 kBProgress (1): 131/153 kBProgress (1): 133/153 kBProgress (1): 136/153 kBProgress (1): 139/153 kBProgress (1): 142/153 kBProgress (1): 144/153 kBProgress (1): 147/153 kBProgress (1): 150/153 kBProgress (1): 153/153 kBProgress (1): 153 kB                        Downloaded: https://repo.maven.apache.org/maven2/org/apache/maven/plugins/maven-dependency-plugin/2.8/maven-dependency-plugin-2.8.jar (153 kB at 63 kB/s)
Downloading: https://repo.maven.apache.org/maven2/org/apache/maven/plugins/maven-release-plugin/2.3.2/maven-release-plugin-2.3.2.pom
Progress (1): 2.8/9.3 kBProgress (1): 5.5/9.3 kBProgress (1): 8.3/9.3 kBProgress (1): 9.3 kB                        Downloaded: https://repo.maven.apache.org/maven2/org/apache/maven/plugins/maven-release-plugin/2.3.2/maven-release-plugin-2.3.2.pom (9.3 kB at 73 kB/s)
Downloading: https://repo.maven.apache.org/maven2/org/apache/maven/release/maven-release/2.3.2/maven-release-2.3.2.pom
Progress (1): 2.8/8.6 kBProgress (1): 5.5/8.6 kBProgress (1): 8.3/8.6 kBProgress (1): 8.6 kB                        Downloaded: https://repo.maven.apache.org/maven2/org/apache/maven/release/maven-release/2.3.2/maven-release-2.3.2.pom (8.6 kB at 56 kB/s)
Downloading: https://repo.maven.apache.org/maven2/org/apache/maven/plugins/maven-release-plugin/2.3.2/maven-release-plugin-2.3.2.jar
Progress (1): 2.8/44 kBProgress (1): 5.5/44 kBProgress (1): 8.3/44 kBProgress (1): 11/44 kB Progress (1): 14/44 kBProgress (1): 16/44 kBProgress (1): 19/44 kBProgress (1): 22/44 kBProgress (1): 25/44 kBProgress (1): 27/44 kBProgress (1): 30/44 kBProgress (1): 33/44 kBProgress (1): 37/44 kBProgress (1): 41/44 kBProgress (1): 44 kB                      Downloaded: https://repo.maven.apache.org/maven2/org/apache/maven/plugins/maven-release-plugin/2.3.2/maven-release-plugin-2.3.2.jar (44 kB at 90 kB/s)
Downloading: https://repo.maven.apache.org/maven2/org/codehaus/mojo/maven-metadata.xml
Downloading: https://repo.maven.apache.org/maven2/org/apache/maven/plugins/maven-metadata.xml
Progress (1): 4.1/14 kBProgress (1): 8.2/14 kBProgress (1): 12/14 kB Progress (1): 14 kB   Progress (2): 14 kB | 2.2/20 kBProgress (2): 14 kB | 5.0/20 kBProgress (2): 14 kB | 7.8/20 kBProgress (2): 14 kB | 11/20 kB Progress (2): 14 kB | 13/20 kB                              Downloaded: https://repo.maven.apache.org/maven2/org/apache/maven/plugins/maven-metadata.xml (14 kB at 86 kB/s)
Progress (1): 16/20 kBProgress (1): 19/20 kBProgress (1): 20 kB                      Downloaded: https://repo.maven.apache.org/maven2/org/codehaus/mojo/maven-metadata.xml (20 kB at 81 kB/s)
Downloading: https://repo.maven.apache.org/maven2/org/codehaus/mojo/exec-maven-plugin/maven-metadata.xml
Progress (1): 741 B                   Downloaded: https://repo.maven.apache.org/maven2/org/codehaus/mojo/exec-maven-plugin/maven-metadata.xml (741 B at 6.6 kB/s)
[[1;34mINFO[m] 
[[1;34mINFO[m] [1m------------------------------------------------------------------------[m
[[1;34mINFO[m] [1mBuilding helvarAppTest 1.0-SNAPSHOT[m
[[1;34mINFO[m] [1m------------------------------------------------------------------------[m
[[1;34mINFO[m] 
[[1;34mINFO[m] [1m--- [0;32mmaven-clean-plugin:2.5:clean[m [1m(default-clean)[m @ [36mhelvarAppTest[0;1m ---[m
[[1;34mINFO[m] Deleting C:\Users\Yana\IdeaProjects\www\helvarAppTest\target
[[1;34mINFO[m] 
[[1;34mINFO[m] [1m--- [0;32mfrontend-maven-plugin:1.5:install-node-and-npm[m [1m(install node and npm)[m @ [36mhelvarAppTest[0;1m ---[m
[[1;34mINFO[m] Node v8.12.0 is already installed.
[[1;34mINFO[m] NPM 6.4.1 is already installed.
[[1;34mINFO[m] 
[[1;34mINFO[m] [1m--- [0;32mfrontend-maven-plugin:1.5:npm[m [1m(npm install)[m @ [36mhelvarAppTest[0;1m ---[m
[[1;34mINFO[m] Running 'npm install' in C:\src\main\helvar\node_modules\helvar-test
[[1;33mWARNING[m] npm WARN saveError ENOENT: no such file or directory, open 'C:\src\main\helvar\package.json'
[[1;33mWARNING[m] npm WARN enoent ENOENT: no such file or directory, open 'C:\src\main\helvar\package.json'
[[1;33mWARNING[m] npm WARN helvar No description
[[1;33mWARNING[m] npm WARN helvar No repository field.
[[1;33mWARNING[m] npm WARN helvar No README data
[[1;33mWARNING[m] npm WARN helvar No license field.
[[1;31mERROR[m] 
[[1;34mINFO[m] up to date in 0.49s
[[1;34mINFO[m] 
[[1;34mINFO[m] [1m--- [0;32mfrontend-maven-plugin:1.5:npm[m [1m(npm set proxy)[m @ [36mhelvarAppTest[0;1m ---[m
[[1;34mINFO[m] Running 'npm config set proxy http://localhost:6379' in C:\src\main\helvar\node_modules\helvar-test
[[1;34mINFO[m] 
[[1;34mINFO[m] [1m--- [0;32mfrontend-maven-plugin:1.5:npm[m [1m(npm set HTTPS proxy)[m @ [36mhelvarAppTest[0;1m ---[m
[[1;34mINFO[m] Running 'npm config set https-proxy https://127.0.0.1:6379' in C:\src\main\helvar\node_modules\helvar-test
[[1;34mINFO[m] 
[[1;34mINFO[m] [1m--- [0;32mmaven-resources-plugin:2.6:resources[m [1m(default-resources)[m @ [36mhelvarAppTest[0;1m ---[m
[[1;33mWARNING[m] Using platform encoding (Cp1252 actually) to copy filtered resources, i.e. build is platform dependent!
[[1;34mINFO[m] Copying 0 resource
[[1;34mINFO[m] 
[[1;34mINFO[m] [1m--- [0;32mmaven-compiler-plugin:3.1:compile[m [1m(default-compile)[m @ [36mhelvarAppTest[0;1m ---[m
[[1;34mINFO[m] Changes detected - recompiling the module!
[[1;33mWARNING[m] File encoding has not been set, using platform encoding Cp1252, i.e. build is platform dependent!
[[1;34mINFO[m] Compiling 6 source files to C:\Users\Yana\IdeaProjects\www\helvarAppTest\target\classes
[[1;34mINFO[m] -------------------------------------------------------------
[[1;31mERROR[m] COMPILATION ERROR : 
[[1;34mINFO[m] -------------------------------------------------------------
[[1;31mERROR[m] /C:/Users/Yana/IdeaProjects/www/helvarAppTest/src/main/java/MyThread.java:[12,8] Benchmark class should have package other than default.
[[1;34mINFO[m] 1 error
[[1;34mINFO[m] -------------------------------------------------------------
[[1;34mINFO[m] [1m------------------------------------------------------------------------[m
[[1;34mINFO[m] [1;31mBUILD FAILURE[m
[[1;34mINFO[m] [1m------------------------------------------------------------------------[m
[[1;34mINFO[m] Total time: 20.057 s
[[1;34mINFO[m] Finished at: 2018-10-07T22:30:41+03:00
[[1;34mINFO[m] Final Memory: 26M/181M
[[1;34mINFO[m] [1m------------------------------------------------------------------------[m
[[1;31mERROR[m] Failed to execute goal [32morg.apache.maven.plugins:maven-compiler-plugin:3.1:compile[m [1m(default-compile)[m on project [36mhelvarAppTest[m: [1;31mCompilation failure[m
[[1;31mERROR[m] [1;31m/C:/Users/Yana/IdeaProjects/www/helvarAppTest/src/main/java/MyThread.java:[12,8] Benchmark class should have package other than default.[m
[[1;31mERROR[m] [1;31m[m
[[1;31mERROR[m] -> [1m[Help 1][m
[[1;31mERROR[m] 
[[1;31mERROR[m] To see the full stack trace of the errors, re-run Maven with the [1m-e[m switch.
[[1;31mERROR[m] Re-run Maven using the [1m-X[m switch to enable full debug logging.
[[1;31mERROR[m] 
[[1;31mERROR[m] For more information about the errors and possible solutions, please read the following articles:
[[1;31mERROR[m] [1m[Help 1][m http://cwiki.apache.org/confluence/display/MAVEN/MojoFailureException
